This file contains any messages produced by compilers while
running configure, to aid debugging if configure makes a mistake.

It was created by mssilk configure 0.1, which was
generated by GNU Autoconf 2.68.  Invocation command line was

  $ ./configure --host=arm-linux MEDIASTREAMER_CFLAGS=  MEDIASTREAMER_LIBS= 

## --------- ##
## Platform. ##
## --------- ##

hostname = lin-Latitude-E6410
uname -m = x86_64
uname -r = 3.5.0-30-generic
uname -s = Linux
uname -v = #51~precise1-Ubuntu SMP Wed May 15 08:48:19 UTC 2013

/usr/bin/uname -p = unknown
/bin/uname -X     = unknown

/bin/arch              = unknown
/usr/bin/arch -k       = unknown
/usr/convex/getsysinfo = unknown
/usr/bin/hostinfo      = unknown
/bin/machine           = unknown
/usr/bin/oslevel       = unknown
/bin/universe          = unknown

PATH: /usr/lib/lightdm/lightdm
PATH: /usr/local/sbin
PATH: /usr/local/bin
PATH: /usr/sbin
PATH: /usr/bin
PATH: /sbin
PATH: /bin
PATH: /usr/games
PATH: /home/lin/android-sdk-linux/tools
PATH: /home/lin/android-sdk-linux/platform-tools
PATH: /home/lin/android-ndk-r8e
PATH: /home/renlin/android-sdk-linux/platform-tools
PATH: /home/renlin/android-sdk-linux/tools
PATH: /home/renlin/android-ndk-r8


## ----------- ##
## Core tests. ##
## ----------- ##

configure:2160: checking for a BSD-compatible install
configure:2228: result: /usr/bin/install -c
configure:2239: checking whether build environment is sane
configure:2289: result: yes
configure:2338: checking for arm-linux-strip
configure:2368: result: no
configure:2378: checking for strip
configure:2394: found /usr/bin/strip
configure:2405: result: strip
configure:2430: checking for a thread-safe mkdir -p
configure:2469: result: /bin/mkdir -p
configure:2482: checking for gawk
configure:2512: result: no
configure:2482: checking for mawk
configure:2498: found /usr/bin/mawk
configure:2509: result: mawk
configure:2520: checking whether make sets $(MAKE)
configure:2542: result: yes
configure:2617: checking how to create a ustar tar archive
configure:2630: tar --version
tar (GNU tar) 1.26
Copyright (C) 2011 Free Software Foundation, Inc.
License GPLv3+: GNU GPL version 3 or later <http://gnu.org/licenses/gpl.html>.
This is free software: you are free to change and redistribute it.
There is NO WARRANTY, to the extent permitted by law.

Written by John Gilmore and Jay Fenlason.
configure:2633: $? = 0
configure:2673: tardir=conftest.dir && eval tar --format=ustar -chf - "$tardir" >conftest.tar
configure:2676: $? = 0
configure:2680: tar -xf - <conftest.tar
configure:2683: $? = 0
configure:2696: result: gnutar
configure:2751: checking for wget
configure:2769: found /usr/bin/wget
configure:2781: result: /usr/bin/wget
configure:2795: checking for md5sum
configure:2813: found /usr/bin/md5sum
configure:2825: result: /usr/bin/md5sum
configure:2885: checking for unzip
configure:2903: found /usr/bin/unzip
configure:2915: result: /usr/bin/unzip
configure:2929: checking for patch
configure:2947: found /usr/bin/patch
configure:2959: result: /usr/bin/patch
configure:3001: checking build system type
configure:3015: result: x86_64-unknown-linux-gnu
configure:3035: checking host system type
configure:3048: result: arm-unknown-linux-gnu
configure:3089: checking how to print strings
configure:3116: result: printf
configure:3149: checking for style of include used by make
configure:3177: result: GNU
configure:3208: checking for arm-linux-gcc
configure:3238: result: no
configure:3248: checking for gcc
configure:3264: found /usr/bin/gcc
configure:3275: result: gcc
configure:3504: checking for C compiler version
configure:3513: gcc --version >&5
gcc (Ubuntu/Linaro 4.6.3-1ubuntu5) 4.6.3
Copyright (C) 2011 Free Software Foundation, Inc.
This is free software; see the source for copying conditions.  There is NO
warranty; not even for MERCHANTABILITY or FITNESS FOR A PARTICULAR PURPOSE.

configure:3524: $? = 0
configure:3513: gcc -v >&5
Using built-in specs.
COLLECT_GCC=gcc
COLLECT_LTO_WRAPPER=/usr/lib/gcc/x86_64-linux-gnu/4.6/lto-wrapper
Target: x86_64-linux-gnu
Configured with: ../src/configure -v --with-pkgversion='Ubuntu/Linaro 4.6.3-1ubuntu5' --with-bugurl=file:///usr/share/doc/gcc-4.6/README.Bugs --enable-languages=c,c++,fortran,objc,obj-c++ --prefix=/usr --program-suffix=-4.6 --enable-shared --enable-linker-build-id --with-system-zlib --libexecdir=/usr/lib --without-included-gettext --enable-threads=posix --with-gxx-include-dir=/usr/include/c++/4.6 --libdir=/usr/lib --enable-nls --with-sysroot=/ --enable-clocale=gnu --enable-libstdcxx-debug --enable-libstdcxx-time=yes --enable-gnu-unique-object --enable-plugin --enable-objc-gc --disable-werror --with-arch-32=i686 --with-tune=generic --enable-checking=release --build=x86_64-linux-gnu --host=x86_64-linux-gnu --target=x86_64-linux-gnu
Thread model: posix
gcc version 4.6.3 (Ubuntu/Linaro 4.6.3-1ubuntu5) 
configure:3524: $? = 0
configure:3513: gcc -V >&5
gcc: error: unrecognized option '-V'
gcc: fatal error: no input files
compilation terminated.
configure:3524: $? = 4
configure:3513: gcc -qversion >&5
gcc: error: unrecognized option '-qversion'
gcc: fatal error: no input files
compilation terminated.
configure:3524: $? = 4
configure:3544: checking whether the C compiler works
configure:3566: gcc  -Wall   conftest.c  >&5
configure:3570: $? = 0
configure:3618: result: yes
configure:3621: checking for C compiler default output file name
configure:3623: result: a.out
configure:3629: checking for suffix of executables
configure:3636: gcc -o conftest  -Wall   conftest.c  >&5
configure:3640: $? = 0
configure:3662: result: 
configure:3684: checking whether we are cross compiling
configure:3692: gcc -o conftest  -Wall   conftest.c  >&5
configure:3696: $? = 0
configure:3703: ./conftest
configure:3707: $? = 0
configure:3722: result: no
configure:3727: checking for suffix of object files
configure:3749: gcc -c  -Wall  conftest.c >&5
configure:3753: $? = 0
configure:3774: result: o
configure:3778: checking whether we are using the GNU C compiler
configure:3797: gcc -c  -Wall  conftest.c >&5
configure:3797: $? = 0
configure:3806: result: yes
configure:3815: checking whether gcc accepts -g
configure:3835: gcc -c -g  conftest.c >&5
configure:3835: $? = 0
configure:3876: result: yes
configure:3893: checking for gcc option to accept ISO C89
configure:3957: gcc  -c  -Wall  conftest.c >&5
configure:3957: $? = 0
configure:3970: result: none needed
configure:3992: checking dependency style of gcc
configure:4103: result: gcc3
configure:4118: checking for a sed that does not truncate output
configure:4182: result: /bin/sed
configure:4200: checking for grep that handles long lines and -e
configure:4258: result: /bin/grep
configure:4263: checking for egrep
configure:4325: result: /bin/grep -E
configure:4330: checking for fgrep
configure:4392: result: /bin/grep -F
configure:4427: checking for ld used by gcc
configure:4494: result: /usr/bin/ld
configure:4501: checking if the linker (/usr/bin/ld) is GNU ld
configure:4516: result: yes
configure:4528: checking for BSD- or MS-compatible name lister (nm)
configure:4577: result: no
configure:4591: checking for arm-linux-dumpbin
configure:4621: result: no
configure:4591: checking for arm-linux-link
configure:4621: result: no
configure:4635: checking for dumpbin
configure:4665: result: no
configure:4635: checking for link
configure:4651: found /usr/bin/link
configure:4662: result: link -dump
configure:4707: checking the name lister (nm) interface
configure:4714: gcc -c  -Wall  conftest.c >&5
configure:4717: nm "conftest.o"
configure:4720: output
0000000000000000 B some_variable
configure:4727: result: BSD nm
configure:4730: checking whether ln -s works
configure:4734: result: yes
configure:4742: checking the maximum length of command line arguments
configure:4872: result: 1572864
configure:4889: checking whether the shell understands some XSI constructs
configure:4899: result: yes
configure:4903: checking whether the shell understands "+="
configure:4909: result: yes
configure:4944: checking how to convert x86_64-unknown-linux-gnu file names to arm-unknown-linux-gnu format
configure:4984: result: func_convert_file_noop
configure:4991: checking how to convert x86_64-unknown-linux-gnu file names to toolchain format
configure:5011: result: func_convert_file_noop
configure:5018: checking for /usr/bin/ld option to reload object files
configure:5025: result: -r
configure:5059: checking for arm-linux-objdump
configure:5089: result: no
configure:5099: checking for objdump
configure:5115: found /usr/bin/objdump
configure:5126: result: objdump
configure:5158: checking how to recognize dependent libraries
configure:5360: result: pass_all
configure:5405: checking for arm-linux-dlltool
configure:5435: result: no
configure:5445: checking for dlltool
configure:5475: result: no
configure:5505: checking how to associate runtime and link libraries
configure:5532: result: printf %s\n
configure:5549: checking for arm-linux-ar
configure:5579: result: no
configure:5593: checking for ar
configure:5609: found /usr/bin/ar
configure:5620: result: ar
configure:5657: checking for archiver @FILE support
configure:5674: gcc -c  -Wall  conftest.c >&5
configure:5674: $? = 0
configure:5677: ar cru libconftest.a @conftest.lst >&5
configure:5680: $? = 0
configure:5685: ar cru libconftest.a @conftest.lst >&5
ar: conftest.o: No such file or directory
configure:5688: $? = 1
configure:5700: result: @
configure:5718: checking for arm-linux-strip
configure:5745: result: strip
configure:5817: checking for arm-linux-ranlib
configure:5847: result: no
configure:5857: checking for ranlib
configure:5873: found /usr/bin/ranlib
configure:5884: result: ranlib
configure:5986: checking command to parse nm output from gcc object
configure:6106: gcc -c  -Wall  conftest.c >&5
configure:6109: $? = 0
configure:6113: nm conftest.o \| sed -n -e 's/^.*[ ]\([ABCDGIRSTW][ABCDGIRSTW]*\)[ ][ ]*\([_A-Za-z][_A-Za-z0-9]*\)$/\1 \2 \2/p' | sed '/ __gnu_lto/d' \> conftest.nm
configure:6116: $? = 0
configure:6182: gcc -o conftest  -Wall   conftest.c conftstm.o >&5
configure:6185: $? = 0
configure:6223: result: ok
configure:6260: checking for sysroot
configure:6290: result: no
configure:6506: checking for arm-linux-mt
configure:6536: result: no
configure:6546: checking for mt
configure:6562: found /bin/mt
configure:6573: result: mt
configure:6596: checking if mt is a manifest tool
configure:6602: mt '-?'
configure:6610: result: no
configure:7252: checking how to run the C preprocessor
configure:7283: gcc -E  conftest.c
configure:7283: $? = 0
configure:7297: gcc -E  conftest.c
conftest.c:11:28: fatal error: ac_nonexistent.h: No such file or directory
compilation terminated.
configure:7297: $? = 1
configure: failed program was:
| /* confdefs.h */
| #define PACKAGE_NAME "mssilk"
| #define PACKAGE_TARNAME "mssilk"
| #define PACKAGE_VERSION "0.1"
| #define PACKAGE_STRING "mssilk 0.1"
| #define PACKAGE_BUGREPORT ""
| #define PACKAGE_URL ""
| #define PACKAGE "mssilk"
| #define VERSION "0.1"
| /* end confdefs.h.  */
| #include <ac_nonexistent.h>
configure:7322: result: gcc -E
configure:7342: gcc -E  conftest.c
configure:7342: $? = 0
configure:7356: gcc -E  conftest.c
conftest.c:11:28: fatal error: ac_nonexistent.h: No such file or directory
compilation terminated.
configure:7356: $? = 1
configure: failed program was:
| /* confdefs.h */
| #define PACKAGE_NAME "mssilk"
| #define PACKAGE_TARNAME "mssilk"
| #define PACKAGE_VERSION "0.1"
| #define PACKAGE_STRING "mssilk 0.1"
| #define PACKAGE_BUGREPORT ""
| #define PACKAGE_URL ""
| #define PACKAGE "mssilk"
| #define VERSION "0.1"
| /* end confdefs.h.  */
| #include <ac_nonexistent.h>
configure:7385: checking for ANSI C header files
configure:7405: gcc -c  -Wall  conftest.c >&5
configure:7405: $? = 0
configure:7478: gcc -o conftest  -Wall   conftest.c  >&5
configure:7478: $? = 0
configure:7478: ./conftest
configure:7478: $? = 0
configure:7489: result: yes
configure:7502: checking for sys/types.h
configure:7502: gcc -c  -Wall  conftest.c >&5
configure:7502: $? = 0
configure:7502: result: yes
configure:7502: checking for sys/stat.h
configure:7502: gcc -c  -Wall  conftest.c >&5
configure:7502: $? = 0
configure:7502: result: yes
configure:7502: checking for stdlib.h
configure:7502: gcc -c  -Wall  conftest.c >&5
configure:7502: $? = 0
configure:7502: result: yes
configure:7502: checking for string.h
configure:7502: gcc -c  -Wall  conftest.c >&5
configure:7502: $? = 0
configure:7502: result: yes
configure:7502: checking for memory.h
configure:7502: gcc -c  -Wall  conftest.c >&5
configure:7502: $? = 0
configure:7502: result: yes
configure:7502: checking for strings.h
configure:7502: gcc -c  -Wall  conftest.c >&5
configure:7502: $? = 0
configure:7502: result: yes
configure:7502: checking for inttypes.h
configure:7502: gcc -c  -Wall  conftest.c >&5
configure:7502: $? = 0
configure:7502: result: yes
configure:7502: checking for stdint.h
configure:7502: gcc -c  -Wall  conftest.c >&5
configure:7502: $? = 0
configure:7502: result: yes
configure:7502: checking for unistd.h
configure:7502: gcc -c  -Wall  conftest.c >&5
configure:7502: $? = 0
configure:7502: result: yes
configure:7516: checking for dlfcn.h
configure:7516: gcc -c  -Wall  conftest.c >&5
configure:7516: $? = 0
configure:7516: result: yes
configure:7721: checking for objdir
configure:7736: result: .libs
configure:8003: checking if gcc supports -fno-rtti -fno-exceptions
configure:8021: gcc -c  -Wall  -fno-rtti -fno-exceptions conftest.c >&5
cc1: warning: command line option '-fno-rtti' is valid for C++/ObjC++ but not for C [enabled by default]
configure:8025: $? = 0
configure:8038: result: no
configure:8365: checking for gcc option to produce PIC
configure:8372: result: -fPIC -DPIC
configure:8380: checking if gcc PIC flag -fPIC -DPIC works
configure:8398: gcc -c  -Wall  -fPIC -DPIC -DPIC conftest.c >&5
configure:8402: $? = 0
configure:8415: result: yes
configure:8444: checking if gcc static flag -static works
configure:8472: result: yes
configure:8487: checking if gcc supports -c -o file.o
configure:8508: gcc -c  -Wall  -o out/conftest2.o conftest.c >&5
configure:8512: $? = 0
configure:8534: result: yes
configure:8542: checking if gcc supports -c -o file.o
configure:8589: result: yes
configure:8622: checking whether the gcc linker (/usr/bin/ld) supports shared libraries
configure:9779: result: yes
configure:9816: checking whether -lc should be explicitly linked in
configure:9824: gcc -c  -Wall  conftest.c >&5
configure:9827: $? = 0
configure:9842: gcc -shared  -fPIC -DPIC conftest.o  -v -Wl,-soname -Wl,conftest -o conftest 2\>\&1 \| /bin/grep  -lc  \>/dev/null 2\>\&1
configure:9845: $? = 0
configure:9859: result: no
configure:10019: checking dynamic linker characteristics
configure:10530: gcc -o conftest  -Wall   -Wl,-rpath -Wl,/foo conftest.c  >&5
configure:10530: $? = 0
configure:10764: result: GNU/Linux ld.so
configure:10871: checking how to hardcode library paths into programs
configure:10896: result: immediate
configure:11436: checking whether stripping libraries is possible
configure:11441: result: yes
configure:11476: checking if libtool supports shared libraries
configure:11478: result: yes
configure:11481: checking whether to build shared libraries
configure:11502: result: yes
configure:11505: checking whether to build static libraries
configure:11509: result: no
configure:11559: checking for arm-linux-pkg-config
configure:11592: result: no
configure:11602: checking for pkg-config
configure:11620: found /usr/bin/pkg-config
configure:11632: result: /usr/bin/pkg-config
configure:11657: checking pkg-config is at least version 0.9.0
configure:11660: result: yes
configure:11670: checking for MEDIASTREAMER
configure:11755: result: yes
configure:11762: checking for cosf in -lm
configure:11787: gcc -o conftest  -Wall   conftest.c -lm   >&5
conftest.c:30:6: warning: conflicting types for built-in function 'cosf' [enabled by default]
configure:11787: $? = 0
configure:11796: result: yes
configure:11991: creating ./config.status

## ---------------------- ##
## Running config.status. ##
## ---------------------- ##

This file was extended by mssilk config.status 0.1, which was
generated by GNU Autoconf 2.68.  Invocation command line was

  CONFIG_FILES    = 
  CONFIG_HEADERS  = 
  CONFIG_LINKS    = 
  CONFIG_COMMANDS = 
  $ ./config.status 

on lin-Latitude-E6410

config.status:1023: creating Makefile
config.status:1023: creating sdk/Makefile
config.status:1195: executing depfiles commands
config.status:1195: executing libtool commands

## ---------------- ##
## Cache variables. ##
## ---------------- ##

ac_cv_build=x86_64-unknown-linux-gnu
ac_cv_c_compiler_gnu=yes
ac_cv_env_CC_set=
ac_cv_env_CC_value=
ac_cv_env_CFLAGS_set=
ac_cv_env_CFLAGS_value=
ac_cv_env_CPPFLAGS_set=
ac_cv_env_CPPFLAGS_value=
ac_cv_env_CPP_set=
ac_cv_env_CPP_value=
ac_cv_env_LDFLAGS_set=
ac_cv_env_LDFLAGS_value=
ac_cv_env_LIBS_set=
ac_cv_env_LIBS_value=
ac_cv_env_MEDIASTREAMER_CFLAGS_set=set
ac_cv_env_MEDIASTREAMER_CFLAGS_value=' '
ac_cv_env_MEDIASTREAMER_LIBS_set=set
ac_cv_env_MEDIASTREAMER_LIBS_value=' '
ac_cv_env_PKG_CONFIG_LIBDIR_set=
ac_cv_env_PKG_CONFIG_LIBDIR_value=
ac_cv_env_PKG_CONFIG_PATH_set=
ac_cv_env_PKG_CONFIG_PATH_value=
ac_cv_env_PKG_CONFIG_set=
ac_cv_env_PKG_CONFIG_value=
ac_cv_env_build_alias_set=
ac_cv_env_build_alias_value=
ac_cv_env_host_alias_set=set
ac_cv_env_host_alias_value=arm-linux
ac_cv_env_target_alias_set=
ac_cv_env_target_alias_value=
ac_cv_header_dlfcn_h=yes
ac_cv_header_inttypes_h=yes
ac_cv_header_memory_h=yes
ac_cv_header_stdc=yes
ac_cv_header_stdint_h=yes
ac_cv_header_stdlib_h=yes
ac_cv_header_string_h=yes
ac_cv_header_strings_h=yes
ac_cv_header_sys_stat_h=yes
ac_cv_header_sys_types_h=yes
ac_cv_header_unistd_h=yes
ac_cv_host=arm-unknown-linux-gnu
ac_cv_lib_m_cosf=yes
ac_cv_objext=o
ac_cv_path_EGREP='/bin/grep -E'
ac_cv_path_FGREP='/bin/grep -F'
ac_cv_path_GREP=/bin/grep
ac_cv_path_MD5SUM=/usr/bin/md5sum
ac_cv_path_PATCH=/usr/bin/patch
ac_cv_path_SED=/bin/sed
ac_cv_path_UNZIP=/usr/bin/unzip
ac_cv_path_WGET=/usr/bin/wget
ac_cv_path_ac_pt_PKG_CONFIG=/usr/bin/pkg-config
ac_cv_path_install='/usr/bin/install -c'
ac_cv_path_mkdir=/bin/mkdir
ac_cv_prog_AWK=mawk
ac_cv_prog_CPP='gcc -E'
ac_cv_prog_STRIP=strip
ac_cv_prog_ac_ct_AR=ar
ac_cv_prog_ac_ct_CC=gcc
ac_cv_prog_ac_ct_DUMPBIN='link -dump'
ac_cv_prog_ac_ct_MANIFEST_TOOL=mt
ac_cv_prog_ac_ct_OBJDUMP=objdump
ac_cv_prog_ac_ct_RANLIB=ranlib
ac_cv_prog_ac_ct_STRIP=strip
ac_cv_prog_cc_c89=
ac_cv_prog_cc_g=yes
ac_cv_prog_make_make_set=yes
am_cv_CC_dependencies_compiler_type=gcc3
am_cv_prog_tar_ustar=gnutar
lt_cv_ar_at_file=@
lt_cv_archive_cmds_need_lc=no
lt_cv_deplibs_check_method=pass_all
lt_cv_file_magic_cmd='$MAGIC_CMD'
lt_cv_file_magic_test_file=
lt_cv_ld_reload_flag=-r
lt_cv_nm_interface='BSD nm'
lt_cv_objdir=.libs
lt_cv_path_LD=/usr/bin/ld
lt_cv_path_NM=no
lt_cv_path_mainfest_tool=no
lt_cv_prog_compiler_c_o=yes
lt_cv_prog_compiler_pic='-fPIC -DPIC'
lt_cv_prog_compiler_pic_works=yes
lt_cv_prog_compiler_rtti_exceptions=no
lt_cv_prog_compiler_static_works=yes
lt_cv_prog_gnu_ld=yes
lt_cv_sharedlib_from_linklib_cmd='printf %s\n'
lt_cv_shlibpath_overrides_runpath=no
lt_cv_sys_global_symbol_pipe='sed -n -e '\''s/^.*[	 ]\([ABCDGIRSTW][ABCDGIRSTW]*\)[	 ][	 ]*\([_A-Za-z][_A-Za-z0-9]*\)$/\1 \2 \2/p'\'' | sed '\''/ __gnu_lto/d'\'''
lt_cv_sys_global_symbol_to_c_name_address='sed -n -e '\''s/^: \([^ ]*\)[ ]*$/  {\"\1\", (void *) 0},/p'\'' -e '\''s/^[ABCDGIRSTW]* \([^ ]*\) \([^ ]*\)$/  {"\2", (void *) \&\2},/p'\'''
lt_cv_sys_global_symbol_to_c_name_address_lib_prefix='sed -n -e '\''s/^: \([^ ]*\)[ ]*$/  {\"\1\", (void *) 0},/p'\'' -e '\''s/^[ABCDGIRSTW]* \([^ ]*\) \(lib[^ ]*\)$/  {"\2", (void *) \&\2},/p'\'' -e '\''s/^[ABCDGIRSTW]* \([^ ]*\) \([^ ]*\)$/  {"lib\2", (void *) \&\2},/p'\'''
lt_cv_sys_global_symbol_to_cdecl='sed -n -e '\''s/^T .* \(.*\)$/extern int \1();/p'\'' -e '\''s/^[ABCDGIRSTW]* .* \(.*\)$/extern char \1;/p'\'''
lt_cv_sys_max_cmd_len=1572864
lt_cv_to_host_file_cmd=func_convert_file_noop
lt_cv_to_tool_file_cmd=func_convert_file_noop
pkg_cv_MEDIASTREAMER_CFLAGS=' '
pkg_cv_MEDIASTREAMER_LIBS=' '

## ----------------- ##
## Output variables. ##
## ----------------- ##

ACLOCAL='${SHELL} /home/lin/NgtiAndroid/Android/modules/libMediaEngine/submodules/mssilk/build-aux/missing --run aclocal-1.11'
AMDEPBACKSLASH='\'
AMDEP_FALSE='#'
AMDEP_TRUE=''
AMTAR='$${TAR-tar}'
AR='ar'
AUTOCONF='${SHELL} /home/lin/NgtiAndroid/Android/modules/libMediaEngine/submodules/mssilk/build-aux/missing --run autoconf'
AUTOHEADER='${SHELL} /home/lin/NgtiAndroid/Android/modules/libMediaEngine/submodules/mssilk/build-aux/missing --run autoheader'
AUTOMAKE='${SHELL} /home/lin/NgtiAndroid/Android/modules/libMediaEngine/submodules/mssilk/build-aux/missing --run automake-1.11'
AWK='mawk'
CC='gcc'
CCDEPMODE='depmode=gcc3'
CFLAGS=' -Wall'
CPP='gcc -E'
CPPFLAGS=''
CYGPATH_W='echo'
DEFS='-DPACKAGE_NAME=\"mssilk\" -DPACKAGE_TARNAME=\"mssilk\" -DPACKAGE_VERSION=\"0.1\" -DPACKAGE_STRING=\"mssilk\ 0.1\" -DPACKAGE_BUGREPORT=\"\" -DPACKAGE_URL=\"\" -DPACKAGE=\"mssilk\" -DVERSION=\"0.1\" -DSTDC_HEADERS=1 -DHAVE_SYS_TYPES_H=1 -DHAVE_SYS_STAT_H=1 -DHAVE_STDLIB_H=1 -DHAVE_STRING_H=1 -DHAVE_MEMORY_H=1 -DHAVE_STRINGS_H=1 -DHAVE_INTTYPES_H=1 -DHAVE_STDINT_H=1 -DHAVE_UNISTD_H=1 -DHAVE_DLFCN_H=1 -DLT_OBJDIR=\".libs/\" -DHAVE_LIBM=1'
DEPDIR='.deps'
DLLTOOL='false'
DSYMUTIL=''
DUMPBIN=':'
ECHO_C=''
ECHO_N='-n'
ECHO_T=''
EGREP='/bin/grep -E'
EXEEXT=''
FGREP='/bin/grep -F'
GREP='/bin/grep'
INSTALL_DATA='${INSTALL} -m 644'
INSTALL_PROGRAM='${INSTALL}'
INSTALL_SCRIPT='${INSTALL}'
INSTALL_STRIP_PROGRAM='$(install_sh) -c -s'
LD='/usr/bin/ld'
LDFLAGS=''
LIBOBJS=''
LIBS='-lm '
LIBTOOL='$(SHELL) $(top_builddir)/libtool'
LIPO=''
LN_S='ln -s'
LTLIBOBJS=''
MAKEINFO='${SHELL} /home/lin/NgtiAndroid/Android/modules/libMediaEngine/submodules/mssilk/build-aux/missing --run makeinfo'
MANIFEST_TOOL=':'
MD5SUM='/usr/bin/md5sum'
MEDIASTREAMER_CFLAGS=' '
MEDIASTREAMER_LIBS=' '
MKDIR_P='/bin/mkdir -p'
NM='nm'
NMEDIT=''
OBJDUMP='objdump'
OBJEXT='o'
OTOOL64=''
OTOOL=''
PACKAGE='mssilk'
PACKAGE_BUGREPORT=''
PACKAGE_NAME='mssilk'
PACKAGE_STRING='mssilk 0.1'
PACKAGE_TARNAME='mssilk'
PACKAGE_URL=''
PACKAGE_VERSION='0.1'
PATCH='/usr/bin/patch'
PATH_SEPARATOR=':'
PKG_CONFIG='/usr/bin/pkg-config'
PKG_CONFIG_LIBDIR=''
PKG_CONFIG_PATH=''
RANLIB='ranlib'
SED='/bin/sed'
SET_MAKE=''
SHELL='/bin/bash'
SILK_FLAVOUR='ARM'
SILK_MAKE_OPTIONS=''
STRICT_CFLAGS='-Werror'
STRIP='strip'
UNZIP='/usr/bin/unzip'
VERSION='0.1'
WGET='/usr/bin/wget'
ac_ct_AR='ar'
ac_ct_CC='gcc'
ac_ct_DUMPBIN='link -dump'
am__EXEEXT_FALSE=''
am__EXEEXT_TRUE='#'
am__fastdepCC_FALSE='#'
am__fastdepCC_TRUE=''
am__include='include'
am__isrc=''
am__leading_dot='.'
am__nodep='_no'
am__quote=''
am__tar='tar --format=ustar -chf - "$$tardir"'
am__untar='tar -xf -'
bindir='${exec_prefix}/bin'
build='x86_64-unknown-linux-gnu'
build_alias=''
build_cpu='x86_64'
build_os='linux-gnu'
build_vendor='unknown'
datadir='${datarootdir}'
datarootdir='${prefix}/share'
docdir='${datarootdir}/doc/${PACKAGE_TARNAME}'
dvidir='${docdir}'
exec_prefix='${prefix}'
host='arm-unknown-linux-gnu'
host_alias='arm-linux'
host_cpu='arm'
host_os='linux-gnu'
host_vendor='unknown'
htmldir='${docdir}'
includedir='${prefix}/include'
infodir='${datarootdir}/info'
install_sh='${SHELL} /home/lin/NgtiAndroid/Android/modules/libMediaEngine/submodules/mssilk/build-aux/install-sh'
libdir='${exec_prefix}/lib'
libexecdir='${exec_prefix}/libexec'
localedir='${datarootdir}/locale'
localstatedir='${prefix}/var'
mandir='${datarootdir}/man'
mkdir_p='/bin/mkdir -p'
oldincludedir='/usr/include'
pdfdir='${docdir}'
prefix='/usr/local'
program_transform_name='s,x,x,'
psdir='${docdir}'
sbindir='${exec_prefix}/sbin'
sharedstatedir='${prefix}/com'
sysconfdir='${prefix}/etc'
target_alias=''

## ----------- ##
## confdefs.h. ##
## ----------- ##

/* confdefs.h */
#define PACKAGE_NAME "mssilk"
#define PACKAGE_TARNAME "mssilk"
#define PACKAGE_VERSION "0.1"
#define PACKAGE_STRING "mssilk 0.1"
#define PACKAGE_BUGREPORT ""
#define PACKAGE_URL ""
#define PACKAGE "mssilk"
#define VERSION "0.1"
#define STDC_HEADERS 1
#define HAVE_SYS_TYPES_H 1
#define HAVE_SYS_STAT_H 1
#define HAVE_STDLIB_H 1
#define HAVE_STRING_H 1
#define HAVE_MEMORY_H 1
#define HAVE_STRINGS_H 1
#define HAVE_INTTYPES_H 1
#define HAVE_STDINT_H 1
#define HAVE_UNISTD_H 1
#define HAVE_DLFCN_H 1
#define LT_OBJDIR ".libs/"
#define HAVE_LIBM 1

configure: exit 0
