This file contains any messages produced by compilers while
running configure, to aid debugging if configure makes a mistake.

It was created by libilbc-rfc3951 configure 0.7, which was
generated by GNU Autoconf 2.68.  Invocation command line was

  $ ./configure 

## --------- ##
## Platform. ##
## --------- ##

hostname = renlin-K53SV
uname -m = i686
uname -r = 3.2.0-38-generic-pae
uname -s = Linux
uname -v = #61-Ubuntu SMP Tue Feb 19 12:39:51 UTC 2013

/usr/bin/uname -p = unknown
/bin/uname -X     = unknown

/bin/arch              = unknown
/usr/bin/arch -k       = unknown
/usr/convex/getsysinfo = unknown
/usr/bin/hostinfo      = unknown
/bin/machine           = unknown
/usr/bin/oslevel       = unknown
/bin/universe          = unknown

PATH: /usr/lib/lightdm/lightdm
PATH: /usr/local/sbin
PATH: /usr/local/bin
PATH: /usr/sbin
PATH: /usr/bin
PATH: /sbin
PATH: /bin
PATH: /usr/games
PATH: /home/renlin/android-sdk-linux/platform-tools
PATH: /home/renlin/android-sdk-linux/tools
PATH: /home/renlin/android-ndk-r8


## ----------- ##
## Core tests. ##
## ----------- ##

configure:2134: checking for a BSD-compatible install
configure:2202: result: /usr/bin/install -c
configure:2213: checking whether build environment is sane
configure:2263: result: yes
configure:2404: checking for a thread-safe mkdir -p
configure:2443: result: /bin/mkdir -p
configure:2456: checking for gawk
configure:2486: result: no
configure:2456: checking for mawk
configure:2472: found /usr/bin/mawk
configure:2483: result: mawk
configure:2494: checking whether make sets $(MAKE)
configure:2516: result: yes
configure:2591: checking how to create a ustar tar archive
configure:2604: tar --version
tar (GNU tar) 1.26
Copyright (C) 2011 Free Software Foundation, Inc.
License GPLv3+: GNU GPL version 3 or later <http://gnu.org/licenses/gpl.html>.
This is free software: you are free to change and redistribute it.
There is NO WARRANTY, to the extent permitted by law.

Written by John Gilmore and Jay Fenlason.
configure:2607: $? = 0
configure:2647: tardir=conftest.dir && eval tar --format=ustar -chf - "$tardir" >conftest.tar
configure:2650: $? = 0
configure:2654: tar -xf - <conftest.tar
configure:2657: $? = 0
configure:2670: result: gnutar
configure:2683: checking for gawk
configure:2710: result: mawk
configure:2726: checking for wget
configure:2744: found /usr/bin/wget
configure:2756: result: /usr/bin/wget
configure:2769: checking for md5sum
configure:2787: found /usr/bin/md5sum
configure:2799: result: /usr/bin/md5sum
configure:2886: checking build system type
configure:2900: result: i686-pc-linux-gnu
configure:2920: checking host system type
configure:2933: result: i686-pc-linux-gnu
configure:2974: checking how to print strings
configure:3001: result: printf
configure:3034: checking for style of include used by make
configure:3062: result: GNU
configure:3133: checking for gcc
configure:3149: found /usr/bin/gcc
configure:3160: result: gcc
configure:3389: checking for C compiler version
configure:3398: gcc --version >&5
gcc (Ubuntu/Linaro 4.6.3-1ubuntu5) 4.6.3
Copyright (C) 2011 Free Software Foundation, Inc.
This is free software; see the source for copying conditions.  There is NO
warranty; not even for MERCHANTABILITY or FITNESS FOR A PARTICULAR PURPOSE.

configure:3409: $? = 0
configure:3398: gcc -v >&5
Using built-in specs.
COLLECT_GCC=gcc
COLLECT_LTO_WRAPPER=/usr/lib/gcc/i686-linux-gnu/4.6/lto-wrapper
Target: i686-linux-gnu
Configured with: ../src/configure -v --with-pkgversion='Ubuntu/Linaro 4.6.3-1ubuntu5' --with-bugurl=file:///usr/share/doc/gcc-4.6/README.Bugs --enable-languages=c,c++,fortran,objc,obj-c++ --prefix=/usr --program-suffix=-4.6 --enable-shared --enable-linker-build-id --with-system-zlib --libexecdir=/usr/lib --without-included-gettext --enable-threads=posix --with-gxx-include-dir=/usr/include/c++/4.6 --libdir=/usr/lib --enable-nls --with-sysroot=/ --enable-clocale=gnu --enable-libstdcxx-debug --enable-libstdcxx-time=yes --enable-gnu-unique-object --enable-plugin --enable-objc-gc --enable-targets=all --disable-werror --with-arch-32=i686 --with-tune=generic --enable-checking=release --build=i686-linux-gnu --host=i686-linux-gnu --target=i686-linux-gnu
Thread model: posix
gcc version 4.6.3 (Ubuntu/Linaro 4.6.3-1ubuntu5) 
configure:3409: $? = 0
configure:3398: gcc -V >&5
gcc: error: unrecognized option '-V'
gcc: fatal error: no input files
compilation terminated.
configure:3409: $? = 4
configure:3398: gcc -qversion >&5
gcc: error: unrecognized option '-qversion'
gcc: fatal error: no input files
compilation terminated.
configure:3409: $? = 4
configure:3429: checking whether the C compiler works
configure:3451: gcc    conftest.c  >&5
configure:3455: $? = 0
configure:3503: result: yes
configure:3506: checking for C compiler default output file name
configure:3508: result: a.out
configure:3514: checking for suffix of executables
configure:3521: gcc -o conftest    conftest.c  >&5
configure:3525: $? = 0
configure:3547: result: 
configure:3569: checking whether we are cross compiling
configure:3577: gcc -o conftest    conftest.c  >&5
configure:3581: $? = 0
configure:3588: ./conftest
configure:3592: $? = 0
configure:3607: result: no
configure:3612: checking for suffix of object files
configure:3634: gcc -c   conftest.c >&5
configure:3638: $? = 0
configure:3659: result: o
configure:3663: checking whether we are using the GNU C compiler
configure:3682: gcc -c   conftest.c >&5
configure:3682: $? = 0
configure:3691: result: yes
configure:3700: checking whether gcc accepts -g
configure:3720: gcc -c -g  conftest.c >&5
configure:3720: $? = 0
configure:3761: result: yes
configure:3778: checking for gcc option to accept ISO C89
configure:3842: gcc  -c -g -O2  conftest.c >&5
configure:3842: $? = 0
configure:3855: result: none needed
configure:3877: checking dependency style of gcc
configure:3988: result: gcc3
configure:4003: checking for a sed that does not truncate output
configure:4067: result: /bin/sed
configure:4085: checking for grep that handles long lines and -e
configure:4143: result: /bin/grep
configure:4148: checking for egrep
configure:4210: result: /bin/grep -E
configure:4215: checking for fgrep
configure:4277: result: /bin/grep -F
configure:4312: checking for ld used by gcc
configure:4379: result: /usr/bin/ld
configure:4386: checking if the linker (/usr/bin/ld) is GNU ld
configure:4401: result: yes
configure:4413: checking for BSD- or MS-compatible name lister (nm)
configure:4462: result: /usr/bin/nm -B
configure:4592: checking the name lister (/usr/bin/nm -B) interface
configure:4599: gcc -c -g -O2  conftest.c >&5
configure:4602: /usr/bin/nm -B "conftest.o"
configure:4605: output
00000000 B some_variable
configure:4612: result: BSD nm
configure:4615: checking whether ln -s works
configure:4619: result: yes
configure:4627: checking the maximum length of command line arguments
configure:4757: result: 1572864
configure:4774: checking whether the shell understands some XSI constructs
configure:4784: result: yes
configure:4788: checking whether the shell understands "+="
configure:4794: result: yes
configure:4829: checking how to convert i686-pc-linux-gnu file names to i686-pc-linux-gnu format
configure:4869: result: func_convert_file_noop
configure:4876: checking how to convert i686-pc-linux-gnu file names to toolchain format
configure:4896: result: func_convert_file_noop
configure:4903: checking for /usr/bin/ld option to reload object files
configure:4910: result: -r
configure:4984: checking for objdump
configure:5000: found /usr/bin/objdump
configure:5011: result: objdump
configure:5043: checking how to recognize dependent libraries
configure:5245: result: pass_all
configure:5330: checking for dlltool
configure:5360: result: no
configure:5390: checking how to associate runtime and link libraries
configure:5417: result: printf %s\n
configure:5478: checking for ar
configure:5494: found /usr/bin/ar
configure:5505: result: ar
configure:5542: checking for archiver @FILE support
configure:5559: gcc -c -g -O2  conftest.c >&5
configure:5559: $? = 0
configure:5562: ar cru libconftest.a @conftest.lst >&5
configure:5565: $? = 0
configure:5570: ar cru libconftest.a @conftest.lst >&5
ar: conftest.o: No such file or directory
configure:5573: $? = 1
configure:5585: result: @
configure:5643: checking for strip
configure:5659: found /usr/bin/strip
configure:5670: result: strip
configure:5742: checking for ranlib
configure:5758: found /usr/bin/ranlib
configure:5769: result: ranlib
configure:5871: checking command to parse /usr/bin/nm -B output from gcc object
configure:5991: gcc -c -g -O2  conftest.c >&5
configure:5994: $? = 0
configure:5998: /usr/bin/nm -B conftest.o \| sed -n -e 's/^.*[ ]\([ABCDGIRSTW][ABCDGIRSTW]*\)[ ][ ]*\([_A-Za-z][_A-Za-z0-9]*\)$/\1 \2 \2/p' | sed '/ __gnu_lto/d' \> conftest.nm
configure:6001: $? = 0
configure:6067: gcc -o conftest -g -O2   conftest.c conftstm.o >&5
configure:6070: $? = 0
configure:6108: result: ok
configure:6145: checking for sysroot
configure:6175: result: no
configure:6431: checking for mt
configure:6447: found /bin/mt
configure:6458: result: mt
configure:6481: checking if mt is a manifest tool
configure:6487: mt '-?'
configure:6495: result: no
configure:7137: checking how to run the C preprocessor
configure:7168: gcc -E  conftest.c
configure:7168: $? = 0
configure:7182: gcc -E  conftest.c
conftest.c:11:28: fatal error: ac_nonexistent.h: No such file or directory
compilation terminated.
configure:7182: $? = 1
configure: failed program was:
| /* confdefs.h */
| #define PACKAGE_NAME "libilbc-rfc3951"
| #define PACKAGE_TARNAME "libilbc-rfc3951"
| #define PACKAGE_VERSION "0.7"
| #define PACKAGE_STRING "libilbc-rfc3951 0.7"
| #define PACKAGE_BUGREPORT ""
| #define PACKAGE_URL ""
| #define PACKAGE "libilbc-rfc3951"
| #define VERSION "0.7"
| /* end confdefs.h.  */
| #include <ac_nonexistent.h>
configure:7207: result: gcc -E
configure:7227: gcc -E  conftest.c
configure:7227: $? = 0
configure:7241: gcc -E  conftest.c
conftest.c:11:28: fatal error: ac_nonexistent.h: No such file or directory
compilation terminated.
configure:7241: $? = 1
configure: failed program was:
| /* confdefs.h */
| #define PACKAGE_NAME "libilbc-rfc3951"
| #define PACKAGE_TARNAME "libilbc-rfc3951"
| #define PACKAGE_VERSION "0.7"
| #define PACKAGE_STRING "libilbc-rfc3951 0.7"
| #define PACKAGE_BUGREPORT ""
| #define PACKAGE_URL ""
| #define PACKAGE "libilbc-rfc3951"
| #define VERSION "0.7"
| /* end confdefs.h.  */
| #include <ac_nonexistent.h>
configure:7270: checking for ANSI C header files
configure:7290: gcc -c -g -O2  conftest.c >&5
configure:7290: $? = 0
configure:7363: gcc -o conftest -g -O2   conftest.c  >&5
configure:7363: $? = 0
configure:7363: ./conftest
configure:7363: $? = 0
configure:7374: result: yes
configure:7387: checking for sys/types.h
configure:7387: gcc -c -g -O2  conftest.c >&5
configure:7387: $? = 0
configure:7387: result: yes
configure:7387: checking for sys/stat.h
configure:7387: gcc -c -g -O2  conftest.c >&5
configure:7387: $? = 0
configure:7387: result: yes
configure:7387: checking for stdlib.h
configure:7387: gcc -c -g -O2  conftest.c >&5
configure:7387: $? = 0
configure:7387: result: yes
configure:7387: checking for string.h
configure:7387: gcc -c -g -O2  conftest.c >&5
configure:7387: $? = 0
configure:7387: result: yes
configure:7387: checking for memory.h
configure:7387: gcc -c -g -O2  conftest.c >&5
configure:7387: $? = 0
configure:7387: result: yes
configure:7387: checking for strings.h
configure:7387: gcc -c -g -O2  conftest.c >&5
configure:7387: $? = 0
configure:7387: result: yes
configure:7387: checking for inttypes.h
configure:7387: gcc -c -g -O2  conftest.c >&5
configure:7387: $? = 0
configure:7387: result: yes
configure:7387: checking for stdint.h
configure:7387: gcc -c -g -O2  conftest.c >&5
configure:7387: $? = 0
configure:7387: result: yes
configure:7387: checking for unistd.h
configure:7387: gcc -c -g -O2  conftest.c >&5
configure:7387: $? = 0
configure:7387: result: yes
configure:7401: checking for dlfcn.h
configure:7401: gcc -c -g -O2  conftest.c >&5
configure:7401: $? = 0
configure:7401: result: yes
configure:7606: checking for objdir
configure:7621: result: .libs
configure:7888: checking if gcc supports -fno-rtti -fno-exceptions
configure:7906: gcc -c -g -O2  -fno-rtti -fno-exceptions conftest.c >&5
cc1: warning: command line option '-fno-rtti' is valid for C++/ObjC++ but not for C [enabled by default]
configure:7910: $? = 0
configure:7923: result: no
configure:8250: checking for gcc option to produce PIC
configure:8257: result: -fPIC -DPIC
configure:8265: checking if gcc PIC flag -fPIC -DPIC works
configure:8283: gcc -c -g -O2  -fPIC -DPIC -DPIC conftest.c >&5
configure:8287: $? = 0
configure:8300: result: yes
configure:8329: checking if gcc static flag -static works
configure:8357: result: yes
configure:8372: checking if gcc supports -c -o file.o
configure:8393: gcc -c -g -O2  -o out/conftest2.o conftest.c >&5
configure:8397: $? = 0
configure:8419: result: yes
configure:8427: checking if gcc supports -c -o file.o
configure:8474: result: yes
configure:8507: checking whether the gcc linker (/usr/bin/ld) supports shared libraries
configure:9664: result: yes
configure:9701: checking whether -lc should be explicitly linked in
configure:9709: gcc -c -g -O2  conftest.c >&5
configure:9712: $? = 0
configure:9727: gcc -shared  -fPIC -DPIC conftest.o  -v -Wl,-soname -Wl,conftest -o conftest 2\>\&1 \| /bin/grep  -lc  \>/dev/null 2\>\&1
configure:9730: $? = 0
configure:9744: result: no
configure:9904: checking dynamic linker characteristics
configure:10415: gcc -o conftest -g -O2   -Wl,-rpath -Wl,/foo conftest.c  >&5
configure:10415: $? = 0
configure:10649: result: GNU/Linux ld.so
configure:10756: checking how to hardcode library paths into programs
configure:10781: result: immediate
configure:11321: checking whether stripping libraries is possible
configure:11326: result: yes
configure:11361: checking if libtool supports shared libraries
configure:11363: result: yes
configure:11366: checking whether to build shared libraries
configure:11387: result: yes
configure:11390: checking whether to build static libraries
configure:11394: result: no
configure:11433: checking for cosf in -lm
configure:11458: gcc -o conftest -g -O2   conftest.c -lm   >&5
conftest.c:30:6: warning: conflicting types for built-in function 'cosf' [enabled by default]
configure:11458: $? = 0
configure:11467: result: yes
configure:11657: creating ./config.status

## ---------------------- ##
## Running config.status. ##
## ---------------------- ##

This file was extended by libilbc-rfc3951 config.status 0.7, which was
generated by GNU Autoconf 2.68.  Invocation command line was

  CONFIG_FILES    = 
  CONFIG_HEADERS  = 
  CONFIG_LINKS    = 
  CONFIG_COMMANDS = 
  $ ./config.status 

on renlin-K53SV

config.status:1019: creating Makefile
config.status:1019: creating downloads/Makefile
config.status:1019: creating src/Makefile
config.status:1019: creating pkgconfig/Makefile
config.status:1019: creating pkgconfig/ilbc.pc
config.status:1019: creating man/Makefile
config.status:1019: creating libilbc-rfc3951.spec
config.status:1191: executing depfiles commands
config.status:1191: executing libtool commands

## ---------------- ##
## Cache variables. ##
## ---------------- ##

ac_cv_build=i686-pc-linux-gnu
ac_cv_c_compiler_gnu=yes
ac_cv_env_CC_set=
ac_cv_env_CC_value=
ac_cv_env_CFLAGS_set=
ac_cv_env_CFLAGS_value=
ac_cv_env_CPPFLAGS_set=
ac_cv_env_CPPFLAGS_value=
ac_cv_env_CPP_set=
ac_cv_env_CPP_value=
ac_cv_env_LDFLAGS_set=
ac_cv_env_LDFLAGS_value=
ac_cv_env_LIBS_set=
ac_cv_env_LIBS_value=
ac_cv_env_build_alias_set=
ac_cv_env_build_alias_value=
ac_cv_env_host_alias_set=
ac_cv_env_host_alias_value=
ac_cv_env_target_alias_set=
ac_cv_env_target_alias_value=
ac_cv_header_dlfcn_h=yes
ac_cv_header_inttypes_h=yes
ac_cv_header_memory_h=yes
ac_cv_header_stdc=yes
ac_cv_header_stdint_h=yes
ac_cv_header_stdlib_h=yes
ac_cv_header_string_h=yes
ac_cv_header_strings_h=yes
ac_cv_header_sys_stat_h=yes
ac_cv_header_sys_types_h=yes
ac_cv_header_unistd_h=yes
ac_cv_host=i686-pc-linux-gnu
ac_cv_lib_m_cosf=yes
ac_cv_objext=o
ac_cv_path_EGREP='/bin/grep -E'
ac_cv_path_FGREP='/bin/grep -F'
ac_cv_path_GREP=/bin/grep
ac_cv_path_MD5SUM=/usr/bin/md5sum
ac_cv_path_SED=/bin/sed
ac_cv_path_WGET=/usr/bin/wget
ac_cv_path_install='/usr/bin/install -c'
ac_cv_path_mkdir=/bin/mkdir
ac_cv_prog_AWK=mawk
ac_cv_prog_CPP='gcc -E'
ac_cv_prog_ac_ct_AR=ar
ac_cv_prog_ac_ct_CC=gcc
ac_cv_prog_ac_ct_MANIFEST_TOOL=mt
ac_cv_prog_ac_ct_OBJDUMP=objdump
ac_cv_prog_ac_ct_RANLIB=ranlib
ac_cv_prog_ac_ct_STRIP=strip
ac_cv_prog_cc_c89=
ac_cv_prog_cc_g=yes
ac_cv_prog_make_make_set=yes
am_cv_CC_dependencies_compiler_type=gcc3
am_cv_prog_tar_ustar=gnutar
lt_cv_ar_at_file=@
lt_cv_archive_cmds_need_lc=no
lt_cv_deplibs_check_method=pass_all
lt_cv_file_magic_cmd='$MAGIC_CMD'
lt_cv_file_magic_test_file=
lt_cv_ld_reload_flag=-r
lt_cv_nm_interface='BSD nm'
lt_cv_objdir=.libs
lt_cv_path_LD=/usr/bin/ld
lt_cv_path_NM='/usr/bin/nm -B'
lt_cv_path_mainfest_tool=no
lt_cv_prog_compiler_c_o=yes
lt_cv_prog_compiler_pic='-fPIC -DPIC'
lt_cv_prog_compiler_pic_works=yes
lt_cv_prog_compiler_rtti_exceptions=no
lt_cv_prog_compiler_static_works=yes
lt_cv_prog_gnu_ld=yes
lt_cv_sharedlib_from_linklib_cmd='printf %s\n'
lt_cv_shlibpath_overrides_runpath=no
lt_cv_sys_global_symbol_pipe='sed -n -e '\''s/^.*[	 ]\([ABCDGIRSTW][ABCDGIRSTW]*\)[	 ][	 ]*\([_A-Za-z][_A-Za-z0-9]*\)$/\1 \2 \2/p'\'' | sed '\''/ __gnu_lto/d'\'''
lt_cv_sys_global_symbol_to_c_name_address='sed -n -e '\''s/^: \([^ ]*\)[ ]*$/  {\"\1\", (void *) 0},/p'\'' -e '\''s/^[ABCDGIRSTW]* \([^ ]*\) \([^ ]*\)$/  {"\2", (void *) \&\2},/p'\'''
lt_cv_sys_global_symbol_to_c_name_address_lib_prefix='sed -n -e '\''s/^: \([^ ]*\)[ ]*$/  {\"\1\", (void *) 0},/p'\'' -e '\''s/^[ABCDGIRSTW]* \([^ ]*\) \(lib[^ ]*\)$/  {"\2", (void *) \&\2},/p'\'' -e '\''s/^[ABCDGIRSTW]* \([^ ]*\) \([^ ]*\)$/  {"lib\2", (void *) \&\2},/p'\'''
lt_cv_sys_global_symbol_to_cdecl='sed -n -e '\''s/^T .* \(.*\)$/extern int \1();/p'\'' -e '\''s/^[ABCDGIRSTW]* .* \(.*\)$/extern char \1;/p'\'''
lt_cv_sys_max_cmd_len=1572864
lt_cv_to_host_file_cmd=func_convert_file_noop
lt_cv_to_tool_file_cmd=func_convert_file_noop

## ----------------- ##
## Output variables. ##
## ----------------- ##

ACLOCAL='${SHELL} /home/renlin/NgtiAndroid/Android/modules/MediaEngine/submodules/libilbc-rfc3951/build-aux/missing --run aclocal-1.11'
AMDEPBACKSLASH='\'
AMDEP_FALSE='#'
AMDEP_TRUE=''
AMTAR='$${TAR-tar}'
AR='ar'
AUTOCONF='${SHELL} /home/renlin/NgtiAndroid/Android/modules/MediaEngine/submodules/libilbc-rfc3951/build-aux/missing --run autoconf'
AUTOHEADER='${SHELL} /home/renlin/NgtiAndroid/Android/modules/MediaEngine/submodules/libilbc-rfc3951/build-aux/missing --run autoheader'
AUTOMAKE='${SHELL} /home/renlin/NgtiAndroid/Android/modules/MediaEngine/submodules/libilbc-rfc3951/build-aux/missing --run automake-1.11'
AWK='mawk'
CC='gcc'
CCDEPMODE='depmode=gcc3'
CFLAGS='-g -O2'
CPP='gcc -E'
CPPFLAGS=''
CYGPATH_W='echo'
DEFS='-DPACKAGE_NAME=\"libilbc-rfc3951\" -DPACKAGE_TARNAME=\"libilbc-rfc3951\" -DPACKAGE_VERSION=\"0.7\" -DPACKAGE_STRING=\"libilbc-rfc3951\ 0.7\" -DPACKAGE_BUGREPORT=\"\" -DPACKAGE_URL=\"\" -DPACKAGE=\"libilbc-rfc3951\" -DVERSION=\"0.7\" -DSTDC_HEADERS=1 -DHAVE_SYS_TYPES_H=1 -DHAVE_SYS_STAT_H=1 -DHAVE_STDLIB_H=1 -DHAVE_STRING_H=1 -DHAVE_MEMORY_H=1 -DHAVE_STRINGS_H=1 -DHAVE_INTTYPES_H=1 -DHAVE_STDINT_H=1 -DHAVE_UNISTD_H=1 -DHAVE_DLFCN_H=1 -DLT_OBJDIR=\".libs/\" -DHAVE_LIBM=1'
DEPDIR='.deps'
DLLTOOL='false'
DSYMUTIL=''
DUMPBIN=''
ECHO_C=''
ECHO_N='-n'
ECHO_T=''
EGREP='/bin/grep -E'
EXEEXT=''
FGREP='/bin/grep -F'
GREP='/bin/grep'
INSTALL_DATA='${INSTALL} -m 644'
INSTALL_PROGRAM='${INSTALL}'
INSTALL_SCRIPT='${INSTALL}'
INSTALL_STRIP_PROGRAM='$(install_sh) -c -s'
LD='/usr/bin/ld'
LDFLAGS=''
LIBOBJS=''
LIBS='-lm '
LIBTOOL='$(SHELL) $(top_builddir)/libtool'
LIPO=''
LN_S='ln -s'
LTLIBOBJS=''
MAKEINFO='${SHELL} /home/renlin/NgtiAndroid/Android/modules/MediaEngine/submodules/libilbc-rfc3951/build-aux/missing --run makeinfo'
MANIFEST_TOOL=':'
MD5SUM='/usr/bin/md5sum'
MKDIR_P='/bin/mkdir -p'
NM='/usr/bin/nm -B'
NMEDIT=''
OBJDUMP='objdump'
OBJEXT='o'
OTOOL64=''
OTOOL=''
PACKAGE='libilbc-rfc3951'
PACKAGE_BUGREPORT=''
PACKAGE_NAME='libilbc-rfc3951'
PACKAGE_STRING='libilbc-rfc3951 0.7'
PACKAGE_TARNAME='libilbc-rfc3951'
PACKAGE_URL=''
PACKAGE_VERSION='0.7'
PATH_SEPARATOR=':'
RANLIB='ranlib'
SED='/bin/sed'
SET_MAKE=''
SHELL='/bin/bash'
STRIP='strip'
VERSION='0.7'
WGET='/usr/bin/wget'
ac_ct_AR='ar'
ac_ct_CC='gcc'
ac_ct_DUMPBIN=''
am__EXEEXT_FALSE=''
am__EXEEXT_TRUE='#'
am__fastdepCC_FALSE='#'
am__fastdepCC_TRUE=''
am__include='include'
am__isrc=''
am__leading_dot='.'
am__nodep='_no'
am__quote=''
am__tar='tar --format=ustar -chf - "$$tardir"'
am__untar='tar -xf -'
bindir='${exec_prefix}/bin'
build='i686-pc-linux-gnu'
build_alias=''
build_cpu='i686'
build_os='linux-gnu'
build_vendor='pc'
datadir='${datarootdir}'
datarootdir='${prefix}/share'
docdir='${datarootdir}/doc/${PACKAGE_TARNAME}'
dvidir='${docdir}'
exec_prefix='${prefix}'
host='i686-pc-linux-gnu'
host_alias=''
host_cpu='i686'
host_os='linux-gnu'
host_vendor='pc'
htmldir='${docdir}'
includedir='${prefix}/include'
infodir='${datarootdir}/info'
install_sh='${SHELL} /home/renlin/NgtiAndroid/Android/modules/MediaEngine/submodules/libilbc-rfc3951/build-aux/install-sh'
libdir='${exec_prefix}/lib'
libexecdir='${exec_prefix}/libexec'
localedir='${datarootdir}/locale'
localstatedir='${prefix}/var'
mandir='${datarootdir}/man'
mkdir_p='/bin/mkdir -p'
oldincludedir='/usr/include'
pdfdir='${docdir}'
prefix='/usr/local'
program_transform_name='s,x,x,'
psdir='${docdir}'
sbindir='${exec_prefix}/sbin'
sharedstatedir='${prefix}/com'
sysconfdir='${prefix}/etc'
target_alias=''

## ----------- ##
## confdefs.h. ##
## ----------- ##

/* confdefs.h */
#define PACKAGE_NAME "libilbc-rfc3951"
#define PACKAGE_TARNAME "libilbc-rfc3951"
#define PACKAGE_VERSION "0.7"
#define PACKAGE_STRING "libilbc-rfc3951 0.7"
#define PACKAGE_BUGREPORT ""
#define PACKAGE_URL ""
#define PACKAGE "libilbc-rfc3951"
#define VERSION "0.7"
#define STDC_HEADERS 1
#define HAVE_SYS_TYPES_H 1
#define HAVE_SYS_STAT_H 1
#define HAVE_STDLIB_H 1
#define HAVE_STRING_H 1
#define HAVE_MEMORY_H 1
#define HAVE_STRINGS_H 1
#define HAVE_INTTYPES_H 1
#define HAVE_STDINT_H 1
#define HAVE_UNISTD_H 1
#define HAVE_DLFCN_H 1
#define LT_OBJDIR ".libs/"
#define HAVE_LIBM 1

configure: exit 0
